INFO : [25/Aug/2023 11:37:21 package : micro_brand_service.controller.brandmainController --> position : BrandCreateController.post]
ERROR : [25/Aug/2023 11:37:21 package : micro_brand_service.controller.brandmainController --> position : BrandCreateController.post --> exception : [Errno 2] No such file or directory: 'media/brand_logo/logo.jpg']
INFO : [25/Aug/2023 11:38:10 package : micro_brand_service.controller.brandmainController --> position : BrandCreateController.post]
ERROR : [25/Aug/2023 11:38:13 package : micro_brand_service.controller.brandmainController --> position : BrandCreateController.post --> exception : Brand matching query does not exist.]
INFO : [25/Aug/2023 11:40:20 package : micro_brand_service.controller.brandmainController --> position : BrandCreateController.post]
ERROR : [25/Aug/2023 11:40:23 package : micro_brand_service.controller.brandmainController --> position : BrandCreateController.post --> exception : Brand matching query does not exist.]
INFO : [25/Aug/2023 11:41:43 package : micro_brand_service.controller.brandmainController --> position : BrandCreateController.post]
ERROR : [25/Aug/2023 11:41:45 package : micro_brand_service.controller.brandmainController --> position : BrandCreateController.post --> exception : Brand matching query does not exist.]
INFO : [25/Aug/2023 11:42:44 package : micro_brand_service.controller.brandmainController --> position : BrandCreateController.post]
ERROR : [25/Aug/2023 11:42:47 package : micro_brand_service.controller.brandmainController --> position : BrandCreateController.post --> exception : Brand matching query does not exist.]
INFO : [25/Aug/2023 11:43:16 package : micro_brand_service.controller.brandmainController --> position : BrandCreateController.post]
ERROR : [25/Aug/2023 11:43:18 package : micro_brand_service.controller.brandmainController --> position : BrandCreateController.post --> exception : Brand matching query does not exist.]
INFO : [25/Aug/2023 11:44:00 package : micro_brand_service.controller.brandmainController --> position : BrandCreateController.post]
ERROR : [25/Aug/2023 11:44:03 package : micro_brand_service.controller.brandmainController --> position : BrandCreateController.post --> exception : Brand matching query does not exist.]
INFO : [25/Aug/2023 11:45:10 package : micro_brand_service.controller.brandmainController --> position : BrandCreateController.post]
ERROR : [25/Aug/2023 11:45:12 package : micro_brand_service.controller.brandmainController --> position : BrandCreateController.post --> exception : Brand matching query does not exist.]
INFO : [25/Aug/2023 11:45:32 package : micro_brand_service.controller.brandmainController --> position : BrandCreateController.post]
ERROR : [25/Aug/2023 11:45:34 package : micro_brand_service.controller.brandmainController --> position : BrandCreateController.post --> exception : Brand matching query does not exist.]
INFO : [25/Aug/2023 11:46:27 package : micro_brand_service.controller.brandmainController --> position : BrandCreateController.post]
ERROR : [25/Aug/2023 11:46:31 package : micro_brand_service.controller.brandmainController --> position : BrandCreateController.post --> exception : {'user': [ErrorDetail(string='Invalid pk "Sashi Das" - object does not exist.', code='does_not_exist')], 'brand': [ErrorDetail(string='Invalid pk "utsav cafe" - object does not exist.', code='does_not_exist')], 'role': [ErrorDetail(string='Invalid pk "SUPERADMIN" - object does not exist.', code='does_not_exist')]}]
INFO : [25/Aug/2023 12:15:59 package : micro_brand_service.controller.brandmainController --> position : BrandCreateController.post]
ERROR : [25/Aug/2023 12:16:03 package : micro_brand_service.controller.brandmainController --> position : BrandCreateController.post --> exception : {'user': [ErrorDetail(string='Invalid pk "Sashi Das" - object does not exist.', code='does_not_exist')], 'brand': [ErrorDetail(string='Invalid pk "utsav cafe" - object does not exist.', code='does_not_exist')], 'role': [ErrorDetail(string='Invalid pk "SUPERADMIN" - object does not exist.', code='does_not_exist')]}]
INFO : [25/Aug/2023 12:18:04 package : micro_brand_service.controller.brandmainController --> position : BrandCreateController.post]
ERROR : [25/Aug/2023 12:18:08 package : micro_brand_service.controller.brandmainController --> position : BrandCreateController.post --> exception : {'user': [ErrorDetail(string='Invalid pk "Sashi Das" - object does not exist.', code='does_not_exist')], 'brand': [ErrorDetail(string='Invalid pk "utsav cafe" - object does not exist.', code='does_not_exist')], 'role': [ErrorDetail(string='Invalid pk "SUPERADMIN" - object does not exist.', code='does_not_exist')]}]
INFO : [25/Aug/2023 12:19:14 package : micro_brand_service.controller.brandmainController --> position : BrandCreateController.post]
ERROR : [25/Aug/2023 12:19:16 package : micro_brand_service.controller.brandmainController --> position : BrandCreateController.post --> exception : {'brand_id': [ErrorDetail(string='brand with this brand id already exists.', code='unique')]}]
INFO : [25/Aug/2023 12:19:42 package : micro_brand_service.controller.brandmainController --> position : BrandCreateController.post]
ERROR : [25/Aug/2023 12:19:45 package : micro_brand_service.controller.brandmainController --> position : BrandCreateController.post --> exception : {'user': [ErrorDetail(string='Invalid pk "Sashi Das" - object does not exist.', code='does_not_exist')], 'brand': [ErrorDetail(string='Invalid pk "utsav cafe" - object does not exist.', code='does_not_exist')], 'role': [ErrorDetail(string='Invalid pk "SUPERADMIN" - object does not exist.', code='does_not_exist')]}]
INFO : [25/Aug/2023 12:21:21 package : micro_brand_service.controller.brandmainController --> position : BrandCreateController.post]
ERROR : [25/Aug/2023 12:21:25 package : micro_brand_service.controller.brandmainController --> position : BrandCreateController.post --> exception : {'user': [ErrorDetail(string='Invalid pk "Sashi Das" - object does not exist.', code='does_not_exist')], 'brand': [ErrorDetail(string='Invalid pk "utsav cafe" - object does not exist.', code='does_not_exist')], 'role': [ErrorDetail(string='Invalid pk "SUPERADMIN" - object does not exist.', code='does_not_exist')]}]
INFO : [25/Aug/2023 12:27:09 package : micro_brand_service.controller.brandmainController --> position : BrandCreateController.post]
ERROR : [25/Aug/2023 12:27:13 package : micro_brand_service.controller.brandmainController --> position : BrandCreateController.post --> exception : {'user': [ErrorDetail(string='Invalid pk "Sashi Das" - object does not exist.', code='does_not_exist')], 'brand': [ErrorDetail(string='Invalid pk "utsav cafe" - object does not exist.', code='does_not_exist')], 'role': [ErrorDetail(string='Invalid pk "SUPERADMIN" - object does not exist.', code='does_not_exist')]}]
INFO : [25/Aug/2023 12:33:58 package : micro_brand_service.controller.brandmainController --> position : BrandCreateController.post]
ERROR : [25/Aug/2023 12:34:01 package : micro_brand_service.controller.brandmainController --> position : BrandCreateController.post --> exception : BrandRoles() got unexpected keyword arguments: 'created_st']
INFO : [25/Aug/2023 12:35:04 package : micro_brand_service.controller.brandmainController --> position : BrandCreateController.post]
ERROR : [25/Aug/2023 12:35:08 package : micro_brand_service.controller.brandmainController --> position : BrandCreateController.post --> exception : {'user': [ErrorDetail(string='Invalid pk "Sashi Das" - object does not exist.', code='does_not_exist')], 'brand': [ErrorDetail(string='Invalid pk "utsav cafe" - object does not exist.', code='does_not_exist')]}]
INFO : [25/Aug/2023 12:44:53 package : micro_brand_service.controller.brandmainController --> position : BrandCreateController.post]
ERROR : [25/Aug/2023 12:44:58 package : micro_brand_service.controller.brandmainController --> position : BrandCreateController.post --> exception : {'user': [ErrorDetail(string='Invalid pk "Sashi Das" - object does not exist.', code='does_not_exist')], 'brand': [ErrorDetail(string='Invalid pk "utsav cafe" - object does not exist.', code='does_not_exist')]}]
INFO : [25/Aug/2023 12:50:13 package : micro_brand_service.controller.brandmainController --> position : BrandCreateController.post]
