INFO : [27/Aug/2023 12:33:12 package : micro_auth_service.controller.otpController --> position : OtpController.post]
INFO : [27/Aug/2023 12:35:46 package : micro_auth_service.controller.otpController --> position : OtpController.post]
ERROR : [27/Aug/2023 12:35:46 package : micro_auth_service.controller.otpController --> position : OtpController.post --> exception : 1 validation error for OtpDTO
verification_type
  Field required [type=missing, input_value={'phone': '8392035529', '...000000', 'verify': True}, input_type=dict]
    For further information visit https://errors.pydantic.dev/2.2/v/missing]
INFO : [27/Aug/2023 12:36:20 package : micro_auth_service.controller.otpController --> position : OtpController.post]
INFO : [27/Aug/2023 12:43:01 package : micro_auth_service.controller.otpController --> position : OtpController.post]
INFO : [27/Aug/2023 12:44:00 package : micro_auth_service.controller.otpController --> position : OtpController.post]
INFO : [27/Aug/2023 13:15:58 package : micro_auth_service.controller.otpController --> position : OtpController.post]
INFO : [27/Aug/2023 13:17:27 package : micro_auth_service.controller.otpController --> position : OtpController.post]
INFO : [27/Aug/2023 19:27:46 package : micro_auth_service.controller.otpController --> position : OtpController.post]
INFO : [27/Aug/2023 19:28:12 package : micro_auth_service.controller.otpController --> position : OtpController.post]
INFO : [27/Aug/2023 19:28:22 package : micro_auth_service.controller.otpController --> position : OtpController.post]
INFO : [27/Aug/2023 19:29:17 package : micro_auth_service.controller.otpController --> position : OtpController.post]
ERROR : [27/Aug/2023 19:29:19 package : micro_auth_service.controller.otpController --> position : OtpController.post --> exception : OTP matching query does not exist.]
INFO : [27/Aug/2023 19:29:22 package : micro_auth_service.controller.otpController --> position : OtpController.post]
ERROR : [27/Aug/2023 19:29:24 package : micro_auth_service.controller.otpController --> position : OtpController.post --> exception : OTP matching query does not exist.]
INFO : [27/Aug/2023 19:30:49 package : micro_auth_service.controller.otpController --> position : OtpController.post]
ERROR : [27/Aug/2023 19:30:51 package : micro_auth_service.controller.otpController --> position : OtpController.post --> exception : credential for otp does not match!]
INFO : [27/Aug/2023 19:30:53 package : micro_auth_service.controller.otpController --> position : OtpController.post]
ERROR : [27/Aug/2023 19:30:55 package : micro_auth_service.controller.otpController --> position : OtpController.post --> exception : credential for otp does not match!]
INFO : [27/Aug/2023 19:31:15 package : micro_auth_service.controller.otpController --> position : OtpController.post]
ERROR : [27/Aug/2023 19:31:17 package : micro_auth_service.controller.otpController --> position : OtpController.post --> exception : credential for otp verify does not match!]
INFO : [27/Aug/2023 19:56:36 package : micro_auth_service.controller.mailVerifyController --> position : MailVerificationController.post]
INFO : [27/Aug/2023 19:58:13 package : micro_auth_service.controller.mailVerifyController --> position : MailVerificationController.post]
INFO : [27/Aug/2023 19:59:13 package : micro_auth_service.controller.mailVerifyController --> position : MailVerificationController.post]
INFO : [27/Aug/2023 20:00:53 package : micro_auth_service.controller.mailVerifyController --> position : MailVerificationController.post]
INFO : [27/Aug/2023 20:01:57 package : micro_auth_service.controller.mailVerifyController --> position : MailVerificationController.post]
INFO : [27/Aug/2023 20:02:44 package : micro_auth_service.controller.mailVerifyController --> position : MailVerificationController.post]
INFO : [27/Aug/2023 20:04:06 package : micro_auth_service.controller.mailVerifyController --> position : MailVerificationController.post]
INFO : [27/Aug/2023 20:15:40 package : micro_auth_service.controller.mailVerifyController --> position : MailVerificationController.post]
INFO : [27/Aug/2023 20:15:51 package : micro_auth_service.controller.mailVerifyController --> position : MailVerificationController.post]
INFO : [27/Aug/2023 20:17:00 package : micro_auth_service.controller.mailVerifyController --> position : MailVerificationController.post]
