INFO : [22/Aug/2023 12:07:04 package : micro_auth_service.controller.registerController --> position : Register.post]
ERROR : [22/Aug/2023 12:07:04 package : micro_auth_service.controller.registerController --> position : Register.post --> exception : 1 validation error for VendorDbDTO
confirm_password
  Input should be a valid string [type=string_type, input_value=None, input_type=NoneType]
    For further information visit https://errors.pydantic.dev/2.2/v/string_type]
INFO : [22/Aug/2023 12:07:53 package : micro_auth_service.controller.registerController --> position : Register.post]
ERROR : [22/Aug/2023 12:07:53 package : micro_auth_service.controller.registerController --> position : Register.post --> exception : 1 validation error for VendorDbDTO
confirm_password
  Input should be a valid string [type=string_type, input_value=None, input_type=NoneType]
    For further information visit https://errors.pydantic.dev/2.2/v/string_type]
INFO : [22/Aug/2023 12:10:02 package : micro_auth_service.controller.registerController --> position : Register.post]
ERROR : [22/Aug/2023 12:10:02 package : micro_auth_service.controller.registerController --> position : Register.post --> exception : __init__() takes 1 positional argument but 6 were given]
INFO : [22/Aug/2023 12:11:45 package : micro_auth_service.controller.registerController --> position : Register.post]
ERROR : [22/Aug/2023 12:11:45 package : micro_auth_service.controller.registerController --> position : Register.post --> exception : __init__() takes 1 positional argument but 6 were given]
INFO : [22/Aug/2023 12:11:47 package : micro_auth_service.controller.registerController --> position : Register.post]
ERROR : [22/Aug/2023 12:11:47 package : micro_auth_service.controller.registerController --> position : Register.post --> exception : __init__() takes 1 positional argument but 6 were given]
INFO : [22/Aug/2023 12:11:53 package : micro_auth_service.controller.registerController --> position : Register.post]
ERROR : [22/Aug/2023 12:11:53 package : micro_auth_service.controller.registerController --> position : Register.post --> exception : __init__() takes 1 positional argument but 6 were given]
INFO : [22/Aug/2023 12:12:30 package : micro_auth_service.controller.registerController --> position : Register.post]
ERROR : [22/Aug/2023 12:12:30 package : micro_auth_service.controller.registerController --> position : Register.post --> exception : __init__() takes 1 positional argument but 6 were given]
INFO : [22/Aug/2023 12:12:45 package : micro_auth_service.controller.registerController --> position : Register.post]
ERROR : [22/Aug/2023 12:12:45 package : micro_auth_service.controller.registerController --> position : Register.post --> exception : '"VENDOR"']
INFO : [22/Aug/2023 12:12:51 package : micro_auth_service.controller.registerController --> position : Register.post]
ERROR : [22/Aug/2023 12:12:51 package : micro_auth_service.controller.registerController --> position : Register.post --> exception : '"VENDOR"']
INFO : [22/Aug/2023 12:13:50 package : micro_auth_service.controller.registerController --> position : Register.post]
ERROR : [22/Aug/2023 12:13:50 package : micro_auth_service.controller.registerController --> position : Register.post --> exception : '"VENDOR"']
INFO : [22/Aug/2023 12:14:10 package : micro_auth_service.controller.registerController --> position : Register.post]
ERROR : [22/Aug/2023 12:14:10 package : micro_auth_service.controller.registerController --> position : Register.post --> exception : '"VENDOR"']
INFO : [22/Aug/2023 12:14:20 package : micro_auth_service.controller.registerController --> position : Register.post]
ERROR : [22/Aug/2023 12:14:20 package : micro_auth_service.controller.registerController --> position : Register.post --> exception : __init__() takes 1 positional argument but 6 were given]
INFO : [22/Aug/2023 12:15:35 package : micro_auth_service.controller.registerController --> position : Register.post]
ERROR : [22/Aug/2023 12:15:35 package : micro_auth_service.controller.registerController --> position : Register.post --> exception : __init__() takes 1 positional argument but 6 were given]
INFO : [22/Aug/2023 12:16:02 package : micro_auth_service.controller.registerController --> position : Register.post]
INFO : [22/Aug/2023 12:18:11 package : micro_auth_service.controller.registerController --> position : Register.post]
INFO : [22/Aug/2023 12:19:14 package : micro_auth_service.controller.registerController --> position : Register.post]
INFO : [22/Aug/2023 12:19:37 package : micro_auth_service.controller.registerController --> position : Register.post]
INFO : [22/Aug/2023 12:20:24 package : micro_auth_service.controller.registerController --> position : Register.post]
ERROR : [22/Aug/2023 12:20:24 package : micro_auth_service.controller.registerController --> position : Register.post --> exception : 'phone']
INFO : [22/Aug/2023 12:21:19 package : micro_auth_service.controller.registerController --> position : Register.post]
ERROR : [22/Aug/2023 12:21:19 package : micro_auth_service.controller.registerController --> position : Register.post --> exception : 'phone']
INFO : [22/Aug/2023 12:21:36 package : micro_auth_service.controller.registerController --> position : Register.post]
ERROR : [22/Aug/2023 12:21:36 package : micro_auth_service.controller.registerController --> position : Register.post --> exception : 'phone']
INFO : [22/Aug/2023 12:22:06 package : micro_auth_service.controller.registerController --> position : Register.post]
ERROR : [22/Aug/2023 12:22:06 package : micro_auth_service.controller.registerController --> position : Register.post --> exception : 'phone']
INFO : [22/Aug/2023 12:22:18 package : micro_auth_service.controller.registerController --> position : Register.post]
ERROR : [22/Aug/2023 12:22:18 package : micro_auth_service.controller.registerController --> position : Register.post --> exception : uuid3() missing 1 required positional argument: 'name']
INFO : [22/Aug/2023 12:22:42 package : micro_auth_service.controller.registerController --> position : Register.post]
ERROR : [22/Aug/2023 12:22:42 package : micro_auth_service.controller.registerController --> position : Register.post --> exception : 'phone']
INFO : [22/Aug/2023 12:23:28 package : micro_auth_service.controller.registerController --> position : Register.post]
INFO : [22/Aug/2023 12:25:47 package : micro_auth_service.controller.registerController --> position : Register.post]
INFO : [22/Aug/2023 12:27:45 package : micro_auth_service.controller.registerController --> position : Register.post]
ERROR : [22/Aug/2023 12:27:45 package : micro_auth_service.controller.registerController --> position : Register.post --> exception : Passwords are not same]
INFO : [22/Aug/2023 12:28:15 package : micro_auth_service.controller.registerController --> position : Register.post]
INFO : [22/Aug/2023 12:30:16 package : micro_auth_service.controller.registerController --> position : Register.post]
INFO : [22/Aug/2023 12:30:26 package : micro_auth_service.controller.registerController --> position : Register.post]
INFO : [22/Aug/2023 12:31:06 package : micro_auth_service.controller.registerController --> position : Register.post]
INFO : [22/Aug/2023 12:33:09 package : micro_auth_service.controller.registerController --> position : Register.post]
ERROR : [22/Aug/2023 12:33:09 package : micro_auth_service.controller.registerController --> position : Register.post --> exception : invalid email!]
INFO : [22/Aug/2023 12:33:16 package : micro_auth_service.controller.registerController --> position : Register.post]
ERROR : [22/Aug/2023 12:33:16 package : micro_auth_service.controller.registerController --> position : Register.post --> exception : invalid email!]
INFO : [22/Aug/2023 12:37:30 package : micro_auth_service.controller.registerController --> position : Register.post]
ERROR : [22/Aug/2023 12:37:30 package : micro_auth_service.controller.registerController --> position : Register.post --> exception : Passwords are not same]
INFO : [22/Aug/2023 12:41:31 package : micro_auth_service.controller.registerController --> position : Register.post]
INFO : [22/Aug/2023 12:45:04 package : micro_auth_service.controller.registerController --> position : Register.post]
INFO : [22/Aug/2023 12:51:06 package : micro_auth_service.controller.registerController --> position : Register.post]
ERROR : [22/Aug/2023 12:51:06 package : micro_auth_service.controller.registerController --> position : Register.post --> exception : 2 validation errors for VendorDbDTO
confirm_password
  String should have at most 8 characters [type=string_too_long, input_value='shaw@2001', input_type=str]
    For further information visit https://errors.pydantic.dev/2.2/v/string_too_long
password
  String should have at most 8 characters [type=string_too_long, input_value='shaw@2001', input_type=str]
    For further information visit https://errors.pydantic.dev/2.2/v/string_too_long]
INFO : [22/Aug/2023 12:52:13 package : micro_auth_service.controller.registerController --> position : Register.post]
